{"/Users/sf/Library/Mobile Documents/com~apple~CloudDocs/project/web/js/coverage/simple.js":{"path":"/Users/sf/Library/Mobile Documents/com~apple~CloudDocs/project/web/js/coverage/simple.js","s":{"1":1,"2":1,"3":1,"4":0},"b":{"1":[0,1]},"f":{},"fnMap":{},"statementMap":{"1":{"start":{"line":1,"column":0},"end":{"line":1,"column":12}},"2":{"start":{"line":2,"column":0},"end":{"line":2,"column":12}},"3":{"start":{"line":4,"column":0},"end":{"line":6,"column":1}},"4":{"start":{"line":5,"column":4},"end":{"line":5,"column":33}}},"branchMap":{"1":{"line":4,"type":"if","locations":[{"start":{"line":4,"column":0},"end":{"line":4,"column":0}},{"start":{"line":4,"column":0},"end":{"line":4,"column":0}}]}}}}